  [1m[35m (834.8ms)[0m  [1m[35mCREATE DATABASE "demo_project_development" ENCODING = 'unicode'[0m
  [1m[35m (250.0ms)[0m  [1m[35mCREATE DATABASE "demo_project_test" ENCODING = 'unicode'[0m
  [1m[35m (108.9ms)[0m  [1m[35mCREATE TABLE "schema_migrations" ("version" character varying NOT NULL PRIMARY KEY)[0m
  [1m[35m (7.4ms)[0m  [1m[35mCREATE TABLE "ar_internal_metadata" ("key" character varying NOT NULL PRIMARY KEY, "value" character varying, "created_at" timestamp(6) NOT NULL, "updated_at" timestamp(6) NOT NULL)[0m
  [1m[35m (2.7ms)[0m  [1m[34mSELECT pg_try_advisory_lock(3664083811000030320)[0m
  [1m[35m (1.3ms)[0m  [1m[34mSELECT "schema_migrations"."version" FROM "schema_migrations" ORDER BY "schema_migrations"."version" ASC[0m
Migrating to CreateUsers (20200527030715)
  [1m[35m (0.3ms)[0m  [1m[35mBEGIN[0m
  [1m[35m (20.5ms)[0m  [1m[35mCREATE TABLE "users" ("id" bigserial primary key, "name" character varying, "date_of_birth" date, "user_name" character varying, "karma" integer)[0m
  [1m[36mprimary::SchemaMigration Create (5.2ms)[0m  [1m[32mINSERT INTO "schema_migrations" ("version") VALUES ($1) RETURNING "version"[0m  [["version", "20200527030715"]]
  [1m[35m (1.4ms)[0m  [1m[35mCOMMIT[0m
  [1m[36mActiveRecord::InternalMetadata Load (1.4ms)[0m  [1m[34mSELECT "ar_internal_metadata".* FROM "ar_internal_metadata" WHERE "ar_internal_metadata"."key" = $1 LIMIT $2[0m  [["key", "environment"], ["LIMIT", 1]]
  [1m[35m (0.2ms)[0m  [1m[35mBEGIN[0m
  [1m[36mActiveRecord::InternalMetadata Create (2.5ms)[0m  [1m[32mINSERT INTO "ar_internal_metadata" ("key", "value", "created_at", "updated_at") VALUES ($1, $2, $3, $4) RETURNING "key"[0m  [["key", "environment"], ["value", "development"], ["created_at", "2020-05-27 03:22:32.483491"], ["updated_at", "2020-05-27 03:22:32.483491"]]
  [1m[35m (0.7ms)[0m  [1m[35mCOMMIT[0m
  [1m[35m (0.4ms)[0m  [1m[34mSELECT pg_advisory_unlock(3664083811000030320)[0m
  [1m[35m (2.0ms)[0m  [1m[34mSELECT "schema_migrations"."version" FROM "schema_migrations" ORDER BY "schema_migrations"."version" ASC[0m
  [1m[35m (0.3ms)[0m  [1m[34mSELECT pg_try_advisory_lock(3664083811000030320)[0m
  [1m[35m (2.6ms)[0m  [1m[34mSELECT "schema_migrations"."version" FROM "schema_migrations" ORDER BY "schema_migrations"."version" ASC[0m
Migrating to AddNotNullToColumns (20200527033111)
  [1m[35m (0.3ms)[0m  [1m[35mBEGIN[0m
  [1m[35m (7.0ms)[0m  [1m[35mALTER TABLE "users" ALTER COLUMN "name" SET NOT NULL[0m
  [1m[35m (0.8ms)[0m  [1m[35mALTER TABLE "users" ALTER COLUMN "date_of_birth" SET NOT NULL[0m
  [1m[35m (5.7ms)[0m  [1m[35mALTER TABLE "users" ALTER COLUMN "username" SET NOT NULL[0m
  [1m[35m (2.2ms)[0m  [1m[31mROLLBACK[0m
  [1m[35m (1.3ms)[0m  [1m[34mSELECT pg_advisory_unlock(3664083811000030320)[0m
  [1m[35m (0.4ms)[0m  [1m[34mSELECT pg_try_advisory_lock(3664083811000030320)[0m
  [1m[35m (1.7ms)[0m  [1m[34mSELECT "schema_migrations"."version" FROM "schema_migrations" ORDER BY "schema_migrations"."version" ASC[0m
Migrating to AddNotNullToColumns (20200527033111)
  [1m[35m (0.4ms)[0m  [1m[35mBEGIN[0m
  [1m[35m (1.4ms)[0m  [1m[35mALTER TABLE "users" ALTER COLUMN "name" SET NOT NULL[0m
  [1m[35m (0.8ms)[0m  [1m[35mALTER TABLE "users" ALTER COLUMN "date_of_birth" SET NOT NULL[0m
  [1m[35m (0.7ms)[0m  [1m[35mALTER TABLE "users" ALTER COLUMN "user_name" SET NOT NULL[0m
  [1m[36mprimary::SchemaMigration Create (2.2ms)[0m  [1m[32mINSERT INTO "schema_migrations" ("version") VALUES ($1) RETURNING "version"[0m  [["version", "20200527033111"]]
  [1m[35m (1.6ms)[0m  [1m[35mCOMMIT[0m
  [1m[36mActiveRecord::InternalMetadata Load (1.8ms)[0m  [1m[34mSELECT "ar_internal_metadata".* FROM "ar_internal_metadata" WHERE "ar_internal_metadata"."key" = $1 LIMIT $2[0m  [["key", "environment"], ["LIMIT", 1]]
  [1m[35m (1.5ms)[0m  [1m[34mSELECT pg_advisory_unlock(3664083811000030320)[0m
  [1m[35m (2.0ms)[0m  [1m[34mSELECT "schema_migrations"."version" FROM "schema_migrations" ORDER BY "schema_migrations"."version" ASC[0m
  [1m[35m (2.3ms)[0m  [1m[34mSELECT "schema_migrations"."version" FROM "schema_migrations" ORDER BY "schema_migrations"."version" ASC[0m
  [1m[35m (0.5ms)[0m  [1m[34mSELECT pg_try_advisory_lock(3664083811000030320)[0m
  [1m[35m (3.0ms)[0m  [1m[34mSELECT "schema_migrations"."version" FROM "schema_migrations" ORDER BY "schema_migrations"."version" ASC[0m
Migrating to ChangeKarmaDefaultValue (20200527035205)
  [1m[35m (0.3ms)[0m  [1m[35mBEGIN[0m
  [1m[35m (3.6ms)[0m  [1m[35mALTER TABLE "users" ALTER COLUMN "karma" SET DEFAULT 0[0m
  [1m[36mprimary::SchemaMigration Create (6.4ms)[0m  [1m[32mINSERT INTO "schema_migrations" ("version") VALUES ($1) RETURNING "version"[0m  [["version", "20200527035205"]]
  [1m[35m (141.0ms)[0m  [1m[35mCOMMIT[0m
  [1m[36mActiveRecord::InternalMetadata Load (0.7ms)[0m  [1m[34mSELECT "ar_internal_metadata".* FROM "ar_internal_metadata" WHERE "ar_internal_metadata"."key" = $1 LIMIT $2[0m  [["key", "environment"], ["LIMIT", 1]]
  [1m[35m (0.5ms)[0m  [1m[34mSELECT pg_advisory_unlock(3664083811000030320)[0m
  [1m[35m (7.5ms)[0m  [1m[34mSELECT "schema_migrations"."version" FROM "schema_migrations" ORDER BY "schema_migrations"."version" ASC[0m
  [1m[35m (2.5ms)[0m  [1m[34mSELECT "schema_migrations"."version" FROM "schema_migrations" ORDER BY "schema_migrations"."version" ASC[0m
  [1m[35m (0.3ms)[0m  [1m[35mBEGIN[0m
  [1m[36mUser Create (2.9ms)[0m  [1m[32mINSERT INTO "users" ("name", "date_of_birth", "user_name") VALUES ($1, $2, $3) RETURNING "id"[0m  [["name", "Joe"], ["date_of_birth", "2004-05-17"], ["user_name", "mysterycat666"]]
  [1m[35m (1.4ms)[0m  [1m[35mCOMMIT[0m
  [1m[35m (0.2ms)[0m  [1m[35mBEGIN[0m
  [1m[36mUser Create (0.5ms)[0m  [1m[32mINSERT INTO "users" ("name", "date_of_birth", "user_name") VALUES ($1, $2, $3) RETURNING "id"[0m  [["name", "Kai"], ["date_of_birth", "2015-08-03"], ["user_name", "doobusGal123"]]
  [1m[35m (0.8ms)[0m  [1m[35mCOMMIT[0m
  [1m[35m (0.2ms)[0m  [1m[35mBEGIN[0m
  [1m[36mUser Create (0.5ms)[0m  [1m[32mINSERT INTO "users" ("name", "date_of_birth", "user_name") VALUES ($1, $2, $3) RETURNING "id"[0m  [["name", "Amber"], ["date_of_birth", "1989-02-03"], ["user_name", "ImbolWitchFairyPeach"]]
  [1m[35m (0.7ms)[0m  [1m[35mCOMMIT[0m
  [1m[36mUser Load (0.9ms)[0m  [1m[34mSELECT "users".* FROM "users" ORDER BY "users"."id" ASC LIMIT $1[0m  [["LIMIT", 1]]
  [1m[36mUser Load (1.1ms)[0m  [1m[34mSELECT "users".* FROM "users"[0m
  [1m[35m (2.6ms)[0m  [1m[34mSELECT "schema_migrations"."version" FROM "schema_migrations" ORDER BY "schema_migrations"."version" ASC[0m
